<?xml version="1.0" encoding="UTF-8"?>
<testng-results skipped="0" failed="0" total="1" passed="1">
  <reporter-output>
  </reporter-output>
  <suite name="Default suite" duration-ms="2650" started-at="2015-04-15T07:04:28Z" finished-at="2015-04-15T07:04:31Z">
    <groups>
    </groups>
    <test name="Default test" duration-ms="2650" started-at="2015-04-15T07:04:28Z" finished-at="2015-04-15T07:04:31Z">
      <class name="com.ccigmall.services.impl.ScheduleServices">
        <test-method status="PASS" signature="execCommandFile()[pri:0, instance:com.ccigmall.services.impl.ScheduleServices@1c72da34]" name="execCommandFile" duration-ms="2625" started-at="2015-04-15T15:04:28Z" finished-at="2015-04-15T15:04:31Z">
          <reporter-output>
          </reporter-output>
        </test-method> <!-- execCommandFile -->
      </class> <!-- com.ccigmall.services.impl.ScheduleServices -->
    </test> <!-- Default test -->
  </suite> <!-- Default suite -->
</testng-results>
